<?xml version="1.0" encoding="UTF-8"?>
<!-- Generated by org.testng.reporters.JUnitXMLReporter -->
<testsuite hostname="BS-784" ignored="0" name="Default test" tests="12" failures="0" timestamp="27 Apr 2022 13:42:10 GMT" time="51.913" errors="0">
  <testcase name="loginTest" time="8.877" classname="proctoring.testcases.LoginPageTest"/>
  <testcase name="course" time="3.86" classname="proctoring.testcases.LoginPageTest"/>
  <testcase name="quiz" time="7.1" classname="proctoring.testcases.LoginPageTest"/>
  <testcase name="attempt" time="3.064" classname="proctoring.testcases.LoginPageTest"/>
  <testcase name="validation" time="3.059" classname="proctoring.testcases.LoginPageTest"/>
  <testcase name="start" time="4.101" classname="proctoring.testcases.LoginPageTest"/>
  <testcase name="quiz1" time="3.153" classname="proctoring.testcases.LoginPageTest"/>
  <testcase name="quiz2" time="3.05" classname="proctoring.testcases.LoginPageTest"/>
  <testcase name="finish" time="4.268" classname="proctoring.testcases.LoginPageTest"/>
  <testcase name="submit1" time="3.075" classname="proctoring.testcases.LoginPageTest"/>
  <testcase name="submit2" time="4.369" classname="proctoring.testcases.LoginPageTest"/>
  <testcase name="review" time="3.848" classname="proctoring.testcases.LoginPageTest"/>
</testsuite> <!-- Default test -->
